<?xml version="1.0" encoding="UTF-8"?>
<!-- Generated by org.testng.reporters.JUnitReportReporter -->
<testsuite hostname="DESKTOP-HGGBPMG" name="samplework.HandlesApp" tests="1" failures="0" timestamp="25 Mar 2018 14:46:50 GMT" time="0.242" errors="0">
  <testcase name="getWindow" time="0.242" classname="samplework.HandlesApp"/>
</testsuite> <!-- samplework.HandlesApp -->
