<?xml version="1.0" encoding="UTF-8"?>
<!-- Generated by org.testng.reporters.JUnitReportReporter -->
<testsuite hostname="DESKTOP-HGGBPMG" name="samplework.Sample" tests="1" failures="0" timestamp="25 Mar 2018 13:26:22 GMT" time="0.552" errors="0">
  <testcase name="getUploadFile" time="0.552" classname="samplework.Sample"/>
</testsuite> <!-- samplework.Sample -->
