<?xml version="1.0" encoding="UTF-8"?>
<!-- Generated by org.testng.reporters.JUnitReportReporter -->
<testsuite hostname="DESKTOP-HGGBPMG" name="samplework.ExcelRead" tests="1" failures="0" timestamp="25 Mar 2018 14:08:17 GMT" time="0.184" errors="0">
  <testcase name="getExcelData" time="0.184" classname="samplework.ExcelRead"/>
</testsuite> <!-- samplework.ExcelRead -->
