<?xml version="1.0" encoding="UTF-8"?>
<!-- Generated by org.testng.reporters.JUnitReportReporter -->
<testsuite hostname="DESKTOP-HGGBPMG" name="ExcelTest.ExcelWrite1" tests="1" failures="0" timestamp="27 Mar 2018 02:40:56 GMT" time="0.358" errors="0">
  <testcase name="getalldata" time="0.358" classname="ExcelTest.ExcelWrite1"/>
</testsuite> <!-- ExcelTest.ExcelWrite1 -->
